<?xml version="1.0" encoding="UTF-8"?>
<testng-results ignored="0" total="0" passed="0" failed="0" skipped="0">
  <reporter-output>
  </reporter-output>
  <suite started-at="2022-05-26T19:36:25 CDT" name="Default suite" finished-at="2022-05-26T19:36:25 CDT" duration-ms="228">
    <groups>
      <group name="cucumber">
        <method signature="AbstractTestNGCucumberTests.runScenario(io.cucumber.testng.PickleWrapper,io.cucumber.testng.FeatureWrapper)[pri:0, instance:com.salesforceCucumber.runners.RunnerFile@2f7c2f4f]" name="runScenario" class="io.cucumber.testng.AbstractTestNGCucumberTests"/>
      </group> <!-- cucumber -->
    </groups>
    <test started-at="2022-05-26T19:36:25 CDT" name="Default test" finished-at="2022-05-26T19:36:25 CDT" duration-ms="228">
      <class name="com.salesforceCucumber.runners.RunnerFile">
        <test-method is-config="true" signature="setUpClass(org.testng.ITestContext)[pri:0, instance:com.salesforceCucumber.runners.RunnerFile@2f7c2f4f]" started-at="2022-05-26T19:36:25 CDT" name="setUpClass" finished-at="2022-05-26T19:36:25 CDT" duration-ms="195" status="PASS">
          <params>
            <param index="0">
              <value>
                <![CDATA[org.testng.TestRunner@a776e]]>
              </value>
            </param>
          </params>
          <reporter-output>
          </reporter-output>
        </test-method> <!-- setUpClass -->
        <test-method is-config="true" signature="tearDownClass()[pri:0, instance:com.salesforceCucumber.runners.RunnerFile@2f7c2f4f]" started-at="2022-05-26T19:36:25 CDT" name="tearDownClass" finished-at="2022-05-26T19:36:25 CDT" duration-ms="20" status="PASS">
          <reporter-output>
          </reporter-output>
        </test-method> <!-- tearDownClass -->
      </class> <!-- com.salesforceCucumber.runners.RunnerFile -->
    </test> <!-- Default test -->
  </suite> <!-- Default suite -->
</testng-results>
